
> eleventy-base-blog@5.0.2 start
> eleventy --serve

Writing dist/sitemap.xml from ./site/sitemap.xml.njk.
Writing dist/feed/feed.xml from ./site/feed/feed.njk.
Writing dist/feed/.htaccess from ./site/feed/htaccess.njk.
Writing dist/feed/feed.json from ./site/feed/json.njk.
Writing dist/postslyn/equal/index.html from ./site/postslyn/equal.md.
Writing dist/posts/Notes on the Path of Blessing/index.html from ./site/posts/Notes on the Path of Blessing.md.
Writing dist/posts/Sustainable Cultures/index.html from ./site/posts/Sustainable Cultures.md.
Writing dist/posts/alchemy/index.html from ./site/posts/alchemy.md.
Writing dist/posts/murmering_secrets/index.html from ./site/posts/murmering_secrets.md.
Writing dist/posts/evolution/index.html from ./site/posts/evolution.md.
Writing dist/posts/blessing or curse/index.html from ./site/posts/blessing or curse.md.
Writing dist/posts/neshama_in_hogsback/index.html from ./site/posts/neshama_in_hogsback.md.
Writing dist/posts/path_working/index.html from ./site/posts/path_working.md.
Writing dist/posts/neshama/bliss/index.html from ./site/posts/neshama/bliss.md.
Writing dist/posts/neshama/cards/index.html from ./site/posts/neshama/cards.md.
Writing dist/posts/neshama/journey/index.html from ./site/posts/neshama/journey.md.
Writing dist/posts/neshama/knowledge/index.html from ./site/posts/neshama/knowledge.md.
Writing dist/posts/neshama/journey_mikkal/index.html from ./site/posts/neshama/journey_mikkal.md.
Writing dist/posts/neshama/limited/index.html from ./site/posts/neshama/limited.md.
Writing dist/posts/neshama/gokan_mandara/index.html from ./site/posts/neshama/gokan_mandara.md.
Writing dist/posts/neshama/loveG/index.html from ./site/posts/neshama/loveG.md.
Writing dist/posts/neshama/love_greek/index.html from ./site/posts/neshama/love_greek.md.
Writing dist/posts/neshama/poem1/index.html from ./site/posts/neshama/poem1.md.
Writing dist/posts/neshama/process_and_emptiness/index.html from ./site/posts/neshama/process_and_emptiness.md.
Writing dist/posts/neshama/love/index.html from ./site/posts/neshama/love.md.
Writing dist/posts/neshama/process_philosophy/index.html from ./site/posts/neshama/process_philosophy.md.
Writing dist/posts/neshama/rav_green/index.html from ./site/posts/neshama/rav_green.md.
Writing dist/posts/book_gift/bg001 - The Source/index.html from ./site/posts/book_gift/bg001 - The Source.md.
Writing dist/posts/neshama/unity/index.html from ./site/posts/neshama/unity.md.
Writing dist/posts/book_gift/bg002 - The Beginning/index.html from ./site/posts/book_gift/bg002 - The Beginning.md.
Writing dist/posts/book_gift/bg002a - Masc & Fem/index.html from ./site/posts/book_gift/bg002a - Masc & Fem.md.
Writing dist/posts/qkab/4d-entities/index.html from ./site/posts/qkab/4d-entities.md.
Writing dist/posts/qkab/4d-vision/index.html from ./site/posts/qkab/4d-vision.md.
Writing dist/posts/book_gift/bg004 - Circles & Lines/index.html from ./site/posts/book_gift/bg004 - Circles & Lines.md.
Writing dist/posts/qkab/beginning/index.html from ./site/posts/qkab/beginning.md.
Writing dist/posts/qkab/chashmal/index.html from ./site/posts/qkab/chashmal.md.
Writing dist/posts/qkab/consciousness/index.html from ./site/posts/qkab/consciousness.md.
Writing dist/posts/neshama/Nagarjuna & Quantum Physics/index.html from ./site/posts/neshama/Nagarjuna & Quantum Physics.md.
Writing dist/posts/qkab/cards/index.html from ./site/posts/qkab/cards.md.
Writing dist/posts/qkab/einsof_ayin/index.html from ./site/posts/qkab/einsof_ayin.md.
Writing dist/posts/neshama/my-people/index.html from ./site/posts/neshama/my-people.md.
Writing dist/posts/qkab/dimensions/index.html from ./site/posts/qkab/dimensions.md.
Writing dist/posts/qkab/lightning_bolt/index.html from ./site/posts/qkab/lightning_bolt.md.
Writing dist/posts/qkab/masc_fem/index.html from ./site/posts/qkab/masc_fem.md.
Writing dist/posts/qkab/letters/index.html from ./site/posts/qkab/letters.md.
Writing dist/posts/qkab/ohr_ein_sof/index.html from ./site/posts/qkab/ohr_ein_sof.md.
Writing dist/posts/qkab/pems/index.html from ./site/posts/qkab/pems.md.
Writing dist/posts/qkab/prophecy/index.html from ./site/posts/qkab/prophecy.md.
Writing dist/posts/qkab/pure_narcissism/index.html from ./site/posts/qkab/pure_narcissism.md.
Writing dist/posts/threshing_floor/index.html from ./site/posts/threshing_floor.md.
Writing dist/posts/qkab/creation_account/index.html from ./site/posts/qkab/creation_account.md.
Writing dist/posts/qkab/soul/index.html from ./site/posts/qkab/soul.md.
Writing dist/posts/qkab/realm_of_thought/index.html from ./site/posts/qkab/realm_of_thought.md.
Writing dist/posts/qkab/sy_genetics/index.html from ./site/posts/qkab/sy_genetics.md.
Writing dist/posts/qkab/travel_between/index.html from ./site/posts/qkab/travel_between.md.
Writing dist/posts/qkab/outcome/index.html from ./site/posts/qkab/outcome.md.
Writing dist/posts/qkab/upper_realms/index.html from ./site/posts/qkab/upper_realms.md.
Writing dist/posts/qkab/trinity/index.html from ./site/posts/qkab/trinity.md.
Writing dist/posts/qkab/waves/index.html from ./site/posts/qkab/waves.md.
Writing dist/posts/qkab/slides/index.html from ./site/posts/qkab/slides.md.
Writing dist/posts/story/journey_to_freedom/index.html from ./site/posts/story/journey_to_freedom.md.
Writing dist/posts/story/our_story/index.html from ./site/posts/story/our_story.md.
Writing dist/posts/story/seed/index.html from ./site/posts/story/seed.md.
Writing dist/posts/story/personal/index.html from ./site/posts/story/personal.md.
Writing dist/posts/qkab/zero_one/index.html from ./site/posts/qkab/zero_one.md.
Writing dist/posts/tolnet/cards/index.html from ./site/posts/tolnet/cards.md.
Writing dist/posts/tolnet/change/index.html from ./site/posts/tolnet/change.md.
Writing dist/posts/tolnet/call/index.html from ./site/posts/tolnet/call.md.
Writing dist/posts/qkab/narrative/index.html from ./site/posts/qkab/narrative.md.
Writing dist/posts/tolnet/bad_behaviour/index.html from ./site/posts/tolnet/bad_behaviour.md.
Writing dist/posts/tolnet/components/index.html from ./site/posts/tolnet/components.md.
Writing dist/posts/tolnet/homoerotic/index.html from ./site/posts/tolnet/homoerotic.md.
Writing dist/posts/tolnet/money/index.html from ./site/posts/tolnet/money.md.
Writing dist/posts/tolnet/energy/index.html from ./site/posts/tolnet/energy.md.
Writing dist/posts/tolnet/sacred_economics/index.html from ./site/posts/tolnet/sacred_economics.md.
Writing dist/posts/tolnet/organisations/index.html from ./site/posts/tolnet/organisations.md.
Writing dist/posts/tolnet/the_movement/index.html from ./site/posts/tolnet/the_movement.md.
Writing dist/posts/tolnet/sound/index.html from ./site/posts/tolnet/sound.md.
Writing dist/posts/tolnet/the_muddled_mystic/index.html from ./site/posts/tolnet/the_muddled_mystic.md.
Writing dist/posts/tolnet/health/index.html from ./site/posts/tolnet/health.md.
Writing dist/404.html from ./site/404.md.
Writing dist/index.html from ./site/index.njk.
Writing dist/tags/index.html from ./site/tags-list.njk.
Writing dist/posts/index.html from ./site/archive.njk.
Writing dist/posts/TODO-1/index.html from ./site/posts/TODO-1.md.
Writing dist/posts/sacred_geometry_primer/index.html from ./site/posts/sacred_geometry_primer.md.
Writing dist/about/index.html from ./site/about/index.md.
Writing dist/posts/qkab/original_beauty/index.html from ./site/posts/qkab/original_beauty.md.
Writing dist/posts/tolnet/collective_buying/index.html from ./site/posts/tolnet/collective_buying.md.
Writing dist/posts/tolnet/general_info/index.html from ./site/posts/tolnet/general_info.md.
Writing dist/posts/tolnet/sustainable/index.html from ./site/posts/tolnet/sustainable.md.
Writing dist/posts/TODO/index.html from ./site/posts/TODO.md.
Writing dist/page-list/index.html from ./site/page-list.njk.
Writing dist/tags/lyn/index.html from ./site/tags.njk.
Writing dist/posts/tolnet/web_of_trust/index.html from ./site/posts/tolnet/web_of_trust.md.
Writing dist/posts/tolnet/tol_quotes/index.html from ./site/posts/tolnet/tol_quotes.md.
Writing dist/posts/qkab/index.html from ./site/posts/qkab/qkab.md.
Writing dist/posts/qkab/math/co-ords/index.html from ./site/posts/qkab/math/co-ords.md.
Writing dist/posts/qkab/universal_kabbalah/maria/index.html from ./site/posts/qkab/universal_kabbalah/maria.md.
Writing dist/posts/tolnet/final/02-design/index.html from ./site/posts/tolnet/final/02-design.md.
Writing dist/posts/tolnet/final/01-intro/index.html from ./site/posts/tolnet/final/01-intro.md.
Writing dist/posts/tolnet/final/04-leaves/index.html from ./site/posts/tolnet/final/04-leaves.md.
Writing dist/posts/qkab/math/line/index.html from ./site/posts/qkab/math/line.md.
Writing dist/posts/tolnet/final/05-1-char/index.html from ./site/posts/tolnet/final/05-1-char.md.
Writing dist/posts/tolnet/final/03-connect/index.html from ./site/posts/tolnet/final/03-connect.md.
Writing dist/posts/tolnet/final/06-communities/index.html from ./site/posts/tolnet/final/06-communities.md.
Writing dist/posts/tolnet/final/07-trust/index.html from ./site/posts/tolnet/final/07-trust.md.
Writing dist/posts/tolnet/final/05-form/index.html from ./site/posts/tolnet/final/05-form.md.
Writing dist/posts/tolnet/final/08-identity/index.html from ./site/posts/tolnet/final/08-identity.md.
Writing dist/posts/tolnet/final/09-economics/index.html from ./site/posts/tolnet/final/09-economics.md.
Writing dist/posts/tolnet/final/10-membership/index.html from ./site/posts/tolnet/final/10-membership.md.
Writing dist/posts/tolnet/final/12-assessment/index.html from ./site/posts/tolnet/final/12-assessment.md.
Writing dist/posts/tolnet/final/11-values/index.html from ./site/posts/tolnet/final/11-values.md.
Writing dist/posts/tolnet/final/graphs/index.html from ./site/posts/tolnet/final/graphs.md.
Writing dist/posts/tolnet/shaunwilliams/Intro-L1/index.html from ./site/posts/tolnet/shaunwilliams/Intro-L1.md.
Writing dist/posts/tolnet/old/4d-designs/index.html from ./site/posts/tolnet/old/4d-designs.md.
Writing dist/posts/tolnet/shaunwilliams/Intro-L2/index.html from ./site/posts/tolnet/shaunwilliams/Intro-L2.md.
Writing dist/posts/tolnet/final/shabbat/index.html from ./site/posts/tolnet/final/shabbat.md.
Writing dist/posts/tolnet/old/game/index.html from ./site/posts/tolnet/old/game.md.
Writing dist/posts/tolnet/old/messiah/index.html from ./site/posts/tolnet/old/messiah.md.
Writing dist/posts/tolnet/old/money/index.html from ./site/posts/tolnet/old/money.md.
Writing dist/posts/tolnet/old/systems/index.html from ./site/posts/tolnet/old/systems.md.
Writing dist/posts/tolnet/old/sand_mandala/index.html from ./site/posts/tolnet/old/sand_mandala.md.
Writing dist/posts/tolnet/old/network_examples/index.html from ./site/posts/tolnet/old/network_examples.md.
Writing dist/posts/tolnet/old/tae_questions/index.html from ./site/posts/tolnet/old/tae_questions.md.
Writing dist/posts/neshama/judaica/beliefs_opinions/index.html from ./site/posts/neshama/judaica/beliefs_opinions.md.
Writing dist/posts/neshama/judaica/j_cards/index.html from ./site/posts/neshama/judaica/j_cards.md.
Writing dist/posts/neshama/judaica/emet/index.html from ./site/posts/neshama/judaica/emet.md.
Writing dist/posts/tolnet/shaunwilliams/00-sw/index.html from ./site/posts/tolnet/shaunwilliams/00-sw.md.
Writing dist/posts/neshama/judaica/modeh_ani/index.html from ./site/posts/neshama/judaica/modeh_ani.md.
Writing dist/posts/neshama/judaica/parasha_toldot_annexes/index.html from ./site/posts/neshama/judaica/parasha_toldot_annexes.md.
Writing dist/posts/neshama/judaica/parasha_blalak/index.html from ./site/posts/neshama/judaica/parasha_blalak.md.
Writing dist/posts/neshama/judaica/parasha_vayeira/index.html from ./site/posts/neshama/judaica/parasha_vayeira.md.
Writing dist/posts/neshama/judaica/parasha_toldot_deception/index.html from ./site/posts/neshama/judaica/parasha_toldot_deception.md.
Writing dist/posts/neshama/judaica/parasha_toldot/index.html from ./site/posts/neshama/judaica/parasha_toldot.md.
Writing dist/posts/qkab/universal_kabbalah/forward/index.html from ./site/posts/qkab/universal_kabbalah/forward.md.
Writing dist/posts/neshama/judaica/pleasure_as_displeasure/index.html from ./site/posts/neshama/judaica/pleasure_as_displeasure.html.
Writing dist/posts/neshama/judaica/sinai_generation/index.html from ./site/posts/neshama/judaica/sinai_generation.md.
Writing dist/posts/neshama/judaica/rosh-hashanah-study-guide/index.html from ./site/posts/neshama/judaica/rosh-hashanah-study-guide.md.
Writing dist/posts/neshama/judaica/pleasure_dis/index.html from ./site/posts/neshama/judaica/pleasure_dis.md.
Writing dist/posts/qkab/math/simultaneity/1_Terms/index.html from ./site/posts/qkab/math/simultaneity/1_Terms.md.
Writing dist/posts/qkab/math/simultaneity/0_Introduction/index.html from ./site/posts/qkab/math/simultaneity/0_Introduction.md.
Writing dist/posts/qkab/math/simultaneity/2_Concept/index.html from ./site/posts/qkab/math/simultaneity/2_Concept.md.
Writing dist/page-list/1/index.html from ./site/page-list.njk.
Writing dist/tags/external/index.html from ./site/tags.njk.
Writing dist/page-list/2/index.html from ./site/page-list.njk.
Writing dist/tags/judaica/index.html from ./site/tags.njk.
Writing dist/page-list/3/index.html from ./site/page-list.njk.
Writing dist/tags/universal_kabbalah/index.html from ./site/tags.njk.
Writing dist/page-list/4/index.html from ./site/page-list.njk.
Writing dist/tags/alchemy/index.html from ./site/tags.njk.
Writing dist/page-list/5/index.html from ./site/page-list.njk.
Writing dist/tags/hermetic/index.html from ./site/tags.njk.
Writing dist/page-list/6/index.html from ./site/page-list.njk.
Writing dist/tags/shaman/index.html from ./site/tags.njk.
Writing dist/page-list/7/index.html from ./site/page-list.njk.
Writing dist/tags/consciousness/index.html from ./site/tags.njk.
Writing dist/page-list/8/index.html from ./site/page-list.njk.
Writing dist/tags/todo/index.html from ./site/tags.njk.
Writing dist/tags/poem/index.html from ./site/tags.njk.
Writing dist/tags/process/index.html from ./site/tags.njk.
Writing dist/tags/personal/index.html from ./site/tags.njk.
Writing dist/tags/communities/index.html from ./site/tags.njk.
Writing dist/tags/mandf/index.html from ./site/tags.njk.
Writing dist/tags/qkab/index.html from ./site/tags.njk.
Writing dist/tags/creation/index.html from ./site/tags.njk.
Writing dist/tags/chashmal/index.html from ./site/tags.njk.
Writing dist/tags/energy/index.html from ./site/tags.njk.
Writing dist/tags/4d-being/index.html from ./site/tags.njk.
Writing dist/tags/zohar/index.html from ./site/tags.njk.
Writing dist/tags/tolnet/index.html from ./site/tags.njk.
Writing dist/tags/midpoint/index.html from ./site/tags.njk.
Writing dist/tags/chariot/index.html from ./site/tags.njk.
Writing dist/tags/systems/index.html from ./site/tags.njk.
Writing dist/tags/story/index.html from ./site/tags.njk.
Writing dist/tags/mekubalim/index.html from ./site/tags.njk.
Writing dist/tags/dream/index.html from ./site/tags.njk.
Writing dist/tags/tol/index.html from ./site/tags.njk.
Writing dist/tags/tae/index.html from ./site/tags.njk.
Writing dist/tags/cov-19/index.html from ./site/tags.njk.
Writing dist/tags/math/index.html from ./site/tags.njk.
Writing dist/tags/final/index.html from ./site/tags.njk.
Writing dist/tags/science/index.html from ./site/tags.njk.
Writing dist/tags/old/index.html from ./site/tags.njk.
Writing dist/tags/dimensions/index.html from ./site/tags.njk.
Writing dist/tags/game/index.html from ./site/tags.njk.
Writing dist/tags/parasha/index.html from ./site/tags.njk.
Writing dist/tags/simultaneity/index.html from ./site/tags.njk.
Writing dist/tags/postsascending/index.html from ./site/tags.njk.
Copied 93 files / Wrote 189 files in 10.96 seconds (58.0ms each, v0.12.1)
Watching…
[Browsersync] Access URLs:
 ----------------------------
 Local: http://localhost:8080
 ----------------------------
[Browsersync] Serving files from: dist
File changed: .eleventy.js
Writing dist/feed/feed.xml from ./site/feed/feed.njk.
Writing dist/sitemap.xml from ./site/sitemap.xml.njk.
Writing dist/postslyn/equal/index.html from ./site/postslyn/equal.md.
Writing dist/feed/.htaccess from ./site/feed/htaccess.njk.
Writing dist/feed/feed.json from ./site/feed/json.njk.
Writing dist/posts/Notes on the Path of Blessing/index.html from ./site/posts/Notes on the Path of Blessing.md.
Writing dist/posts/Sustainable Cultures/index.html from ./site/posts/Sustainable Cultures.md.
Writing dist/posts/alchemy/index.html from ./site/posts/alchemy.md.
Writing dist/posts/blessing or curse/index.html from ./site/posts/blessing or curse.md.
Writing dist/posts/evolution/index.html from ./site/posts/evolution.md.
Writing dist/posts/path_working/index.html from ./site/posts/path_working.md.
Writing dist/posts/murmering_secrets/index.html from ./site/posts/murmering_secrets.md.
Writing dist/posts/threshing_floor/index.html from ./site/posts/threshing_floor.md.
Writing dist/posts/book_gift/bg001 - The Source/index.html from ./site/posts/book_gift/bg001 - The Source.md.
Writing dist/posts/book_gift/bg002a - Masc & Fem/index.html from ./site/posts/book_gift/bg002a - Masc & Fem.md.
Writing dist/posts/book_gift/bg004 - Circles & Lines/index.html from ./site/posts/book_gift/bg004 - Circles & Lines.md.
Writing dist/posts/neshama/bliss/index.html from ./site/posts/neshama/bliss.md.
Writing dist/posts/book_gift/bg002 - The Beginning/index.html from ./site/posts/book_gift/bg002 - The Beginning.md.
Writing dist/posts/neshama/cards/index.html from ./site/posts/neshama/cards.md.
Writing dist/posts/neshama/journey/index.html from ./site/posts/neshama/journey.md.
Writing dist/posts/neshama/knowledge/index.html from ./site/posts/neshama/knowledge.md.
Writing dist/posts/neshama/journey_mikkal/index.html from ./site/posts/neshama/journey_mikkal.md.
Writing dist/posts/neshama/gokan_mandara/index.html from ./site/posts/neshama/gokan_mandara.md.
Writing dist/posts/neshama/love/index.html from ./site/posts/neshama/love.md.
Writing dist/posts/neshama/limited/index.html from ./site/posts/neshama/limited.md.
Writing dist/posts/neshama/loveG/index.html from ./site/posts/neshama/loveG.md.
Writing dist/posts/neshama/love_greek/index.html from ./site/posts/neshama/love_greek.md.
Writing dist/posts/neshama/process_and_emptiness/index.html from ./site/posts/neshama/process_and_emptiness.md.
Writing dist/posts/neshama/rav_green/index.html from ./site/posts/neshama/rav_green.md.
Writing dist/posts/neshama/poem1/index.html from ./site/posts/neshama/poem1.md.
Writing dist/posts/neshama/process_philosophy/index.html from ./site/posts/neshama/process_philosophy.md.
Writing dist/posts/neshama/unity/index.html from ./site/posts/neshama/unity.md.
Writing dist/posts/qkab/4d-vision/index.html from ./site/posts/qkab/4d-vision.md.
Writing dist/posts/qkab/4d-entities/index.html from ./site/posts/qkab/4d-entities.md.
Writing dist/posts/qkab/beginning/index.html from ./site/posts/qkab/beginning.md.
Writing dist/posts/neshama/Nagarjuna & Quantum Physics/index.html from ./site/posts/neshama/Nagarjuna & Quantum Physics.md.
Writing dist/posts/qkab/cards/index.html from ./site/posts/qkab/cards.md.
Writing dist/posts/neshama/my-people/index.html from ./site/posts/neshama/my-people.md.
Writing dist/posts/qkab/chashmal/index.html from ./site/posts/qkab/chashmal.md.
Writing dist/posts/qkab/consciousness/index.html from ./site/posts/qkab/consciousness.md.
Writing dist/posts/qkab/creation_account/index.html from ./site/posts/qkab/creation_account.md.
Writing dist/posts/qkab/letters/index.html from ./site/posts/qkab/letters.md.
Writing dist/posts/qkab/einsof_ayin/index.html from ./site/posts/qkab/einsof_ayin.md.
Writing dist/posts/qkab/dimensions/index.html from ./site/posts/qkab/dimensions.md.
Writing dist/posts/qkab/narrative/index.html from ./site/posts/qkab/narrative.md.
Writing dist/posts/qkab/lightning_bolt/index.html from ./site/posts/qkab/lightning_bolt.md.
Writing dist/posts/qkab/ohr_ein_sof/index.html from ./site/posts/qkab/ohr_ein_sof.md.
Writing dist/posts/qkab/masc_fem/index.html from ./site/posts/qkab/masc_fem.md.
Writing dist/posts/qkab/pure_narcissism/index.html from ./site/posts/qkab/pure_narcissism.md.
Writing dist/posts/qkab/pems/index.html from ./site/posts/qkab/pems.md.
Writing dist/posts/qkab/outcome/index.html from ./site/posts/qkab/outcome.md.
Writing dist/posts/qkab/index.html from ./site/posts/qkab/qkab.md.
Writing dist/posts/qkab/prophecy/index.html from ./site/posts/qkab/prophecy.md.
Writing dist/posts/qkab/soul/index.html from ./site/posts/qkab/soul.md.
Writing dist/posts/qkab/realm_of_thought/index.html from ./site/posts/qkab/realm_of_thought.md.
Writing dist/posts/qkab/sy_genetics/index.html from ./site/posts/qkab/sy_genetics.md.
Writing dist/posts/qkab/waves/index.html from ./site/posts/qkab/waves.md.
Writing dist/posts/qkab/upper_realms/index.html from ./site/posts/qkab/upper_realms.md.
Writing dist/posts/qkab/trinity/index.html from ./site/posts/qkab/trinity.md.
Writing dist/posts/story/our_story/index.html from ./site/posts/story/our_story.md.
Writing dist/posts/qkab/slides/index.html from ./site/posts/qkab/slides.md.
Writing dist/posts/story/journey_to_freedom/index.html from ./site/posts/story/journey_to_freedom.md.
Writing dist/posts/story/seed/index.html from ./site/posts/story/seed.md.
Writing dist/posts/story/personal/index.html from ./site/posts/story/personal.md.
Writing dist/posts/qkab/travel_between/index.html from ./site/posts/qkab/travel_between.md.
Writing dist/posts/qkab/zero_one/index.html from ./site/posts/qkab/zero_one.md.
Writing dist/posts/tolnet/cards/index.html from ./site/posts/tolnet/cards.md.
Writing dist/posts/tolnet/call/index.html from ./site/posts/tolnet/call.md.
Writing dist/posts/tolnet/bad_behaviour/index.html from ./site/posts/tolnet/bad_behaviour.md.
Writing dist/posts/tolnet/components/index.html from ./site/posts/tolnet/components.md.
Writing dist/posts/tolnet/energy/index.html from ./site/posts/tolnet/energy.md.
Writing dist/posts/tolnet/homoerotic/index.html from ./site/posts/tolnet/homoerotic.md.
Writing dist/posts/tolnet/money/index.html from ./site/posts/tolnet/money.md.
Writing dist/posts/tolnet/organisations/index.html from ./site/posts/tolnet/organisations.md.
Writing dist/posts/tolnet/sacred_economics/index.html from ./site/posts/tolnet/sacred_economics.md.
Writing dist/posts/tolnet/sound/index.html from ./site/posts/tolnet/sound.md.
Writing dist/posts/tolnet/change/index.html from ./site/posts/tolnet/change.md.
Writing dist/posts/tolnet/health/index.html from ./site/posts/tolnet/health.md.
Writing dist/posts/tolnet/the_muddled_mystic/index.html from ./site/posts/tolnet/the_muddled_mystic.md.
Writing dist/404.html from ./site/404.md.
Writing dist/page-list/index.html from ./site/page-list.njk.
Writing dist/tags/lyn/index.html from ./site/tags.njk.
Writing dist/index.html from ./site/index.njk.
Writing dist/posts/index.html from ./site/archive.njk.
Writing dist/about/index.html from ./site/about/index.md.
Writing dist/posts/TODO-1/index.html from ./site/posts/TODO-1.md.
Writing dist/posts/sacred_geometry_primer/index.html from ./site/posts/sacred_geometry_primer.md.
Writing dist/posts/qkab/original_beauty/index.html from ./site/posts/qkab/original_beauty.md.
Writing dist/posts/tolnet/collective_buying/index.html from ./site/posts/tolnet/collective_buying.md.
Writing dist/posts/tolnet/general_info/index.html from ./site/posts/tolnet/general_info.md.
Writing dist/posts/tolnet/sustainable/index.html from ./site/posts/tolnet/sustainable.md.
Writing dist/posts/neshama_in_hogsback/index.html from ./site/posts/neshama_in_hogsback.md.
Writing dist/posts/tolnet/the_movement/index.html from ./site/posts/tolnet/the_movement.md.
Writing dist/posts/tolnet/tol_quotes/index.html from ./site/posts/tolnet/tol_quotes.md.
Writing dist/posts/tolnet/web_of_trust/index.html from ./site/posts/tolnet/web_of_trust.md.
Writing dist/posts/TODO/index.html from ./site/posts/TODO.md.
Writing dist/tags/index.html from ./site/tags-list.njk.
Writing dist/posts/neshama/judaica/emet/index.html from ./site/posts/neshama/judaica/emet.md.
Writing dist/posts/neshama/judaica/j_cards/index.html from ./site/posts/neshama/judaica/j_cards.md.
Writing dist/posts/neshama/judaica/beliefs_opinions/index.html from ./site/posts/neshama/judaica/beliefs_opinions.md.
Writing dist/posts/neshama/judaica/parasha_toldot/index.html from ./site/posts/neshama/judaica/parasha_toldot.md.
Writing dist/posts/neshama/judaica/parasha_toldot_annexes/index.html from ./site/posts/neshama/judaica/parasha_toldot_annexes.md.
Writing dist/posts/neshama/judaica/parasha_toldot_deception/index.html from ./site/posts/neshama/judaica/parasha_toldot_deception.md.
Writing dist/posts/neshama/judaica/parasha_vayeira/index.html from ./site/posts/neshama/judaica/parasha_vayeira.md.
Writing dist/posts/neshama/judaica/modeh_ani/index.html from ./site/posts/neshama/judaica/modeh_ani.md.
Writing dist/posts/neshama/judaica/pleasure_dis/index.html from ./site/posts/neshama/judaica/pleasure_dis.md.
Writing dist/posts/neshama/judaica/parasha_blalak/index.html from ./site/posts/neshama/judaica/parasha_blalak.md.
Writing dist/posts/neshama/judaica/sinai_generation/index.html from ./site/posts/neshama/judaica/sinai_generation.md.
Writing dist/posts/qkab/math/co-ords/index.html from ./site/posts/qkab/math/co-ords.md.
Writing dist/posts/neshama/judaica/rosh-hashanah-study-guide/index.html from ./site/posts/neshama/judaica/rosh-hashanah-study-guide.md.
Writing dist/posts/tolnet/final/02-design/index.html from ./site/posts/tolnet/final/02-design.md.
Writing dist/posts/tolnet/final/01-intro/index.html from ./site/posts/tolnet/final/01-intro.md.
Writing dist/posts/tolnet/final/03-connect/index.html from ./site/posts/tolnet/final/03-connect.md.
Writing dist/posts/qkab/math/line/index.html from ./site/posts/qkab/math/line.md.
Writing dist/posts/tolnet/final/05-1-char/index.html from ./site/posts/tolnet/final/05-1-char.md.
Writing dist/posts/tolnet/final/06-communities/index.html from ./site/posts/tolnet/final/06-communities.md.
Writing dist/posts/tolnet/final/07-trust/index.html from ./site/posts/tolnet/final/07-trust.md.
Writing dist/posts/tolnet/final/04-leaves/index.html from ./site/posts/tolnet/final/04-leaves.md.
Writing dist/posts/tolnet/final/08-identity/index.html from ./site/posts/tolnet/final/08-identity.md.
Writing dist/posts/tolnet/final/09-economics/index.html from ./site/posts/tolnet/final/09-economics.md.
Writing dist/posts/qkab/universal_kabbalah/maria/index.html from ./site/posts/qkab/universal_kabbalah/maria.md.
Writing dist/posts/tolnet/final/graphs/index.html from ./site/posts/tolnet/final/graphs.md.
Writing dist/posts/tolnet/final/10-membership/index.html from ./site/posts/tolnet/final/10-membership.md.
Writing dist/posts/tolnet/final/12-assessment/index.html from ./site/posts/tolnet/final/12-assessment.md.
Writing dist/posts/tolnet/final/05-form/index.html from ./site/posts/tolnet/final/05-form.md.
Writing dist/posts/tolnet/old/messiah/index.html from ./site/posts/tolnet/old/messiah.md.
Writing dist/posts/tolnet/final/11-values/index.html from ./site/posts/tolnet/final/11-values.md.
Writing dist/posts/tolnet/old/money/index.html from ./site/posts/tolnet/old/money.md.
Writing dist/posts/tolnet/old/4d-designs/index.html from ./site/posts/tolnet/old/4d-designs.md.
Writing dist/posts/tolnet/old/network_examples/index.html from ./site/posts/tolnet/old/network_examples.md.
Writing dist/posts/tolnet/old/sand_mandala/index.html from ./site/posts/tolnet/old/sand_mandala.md.
Writing dist/posts/tolnet/old/game/index.html from ./site/posts/tolnet/old/game.md.
Writing dist/posts/tolnet/old/tae_questions/index.html from ./site/posts/tolnet/old/tae_questions.md.
Writing dist/posts/tolnet/final/shabbat/index.html from ./site/posts/tolnet/final/shabbat.md.
Writing dist/posts/tolnet/old/systems/index.html from ./site/posts/tolnet/old/systems.md.
Writing dist/posts/neshama/judaica/pleasure_as_displeasure/index.html from ./site/posts/neshama/judaica/pleasure_as_displeasure.html.
Writing dist/posts/qkab/universal_kabbalah/forward/index.html from ./site/posts/qkab/universal_kabbalah/forward.md.
Writing dist/posts/tolnet/shaunwilliams/Intro-L1/index.html from ./site/posts/tolnet/shaunwilliams/Intro-L1.md.
Writing dist/posts/tolnet/shaunwilliams/Intro-L2/index.html from ./site/posts/tolnet/shaunwilliams/Intro-L2.md.
Writing dist/posts/qkab/math/simultaneity/0_Introduction/index.html from ./site/posts/qkab/math/simultaneity/0_Introduction.md.
Writing dist/posts/qkab/math/simultaneity/1_Terms/index.html from ./site/posts/qkab/math/simultaneity/1_Terms.md.
Writing dist/posts/qkab/math/simultaneity/2_Concept/index.html from ./site/posts/qkab/math/simultaneity/2_Concept.md.
Writing dist/posts/tolnet/shaunwilliams/00-sw/index.html from ./site/posts/tolnet/shaunwilliams/00-sw.md.
Writing dist/page-list/1/index.html from ./site/page-list.njk.
Writing dist/tags/external/index.html from ./site/tags.njk.
Writing dist/page-list/2/index.html from ./site/page-list.njk.
Writing dist/tags/judaica/index.html from ./site/tags.njk.
Writing dist/page-list/3/index.html from ./site/page-list.njk.
Writing dist/tags/universal_kabbalah/index.html from ./site/tags.njk.
Writing dist/page-list/4/index.html from ./site/page-list.njk.
Writing dist/tags/alchemy/index.html from ./site/tags.njk.
Writing dist/page-list/5/index.html from ./site/page-list.njk.
Writing dist/tags/hermetic/index.html from ./site/tags.njk.
Writing dist/page-list/6/index.html from ./site/page-list.njk.
Writing dist/tags/mandf/index.html from ./site/tags.njk.
Writing dist/page-list/7/index.html from ./site/page-list.njk.
Writing dist/tags/qkab/index.html from ./site/tags.njk.
Writing dist/page-list/8/index.html from ./site/page-list.njk.
Writing dist/tags/shaman/index.html from ./site/tags.njk.
Writing dist/tags/consciousness/index.html from ./site/tags.njk.
Writing dist/tags/todo/index.html from ./site/tags.njk.
Writing dist/tags/process/index.html from ./site/tags.njk.
Writing dist/tags/personal/index.html from ./site/tags.njk.
Writing dist/tags/poem/index.html from ./site/tags.njk.
Writing dist/tags/communities/index.html from ./site/tags.njk.
Writing dist/tags/creation/index.html from ./site/tags.njk.
Writing dist/tags/tolnet/index.html from ./site/tags.njk.
Writing dist/tags/chashmal/index.html from ./site/tags.njk.
Writing dist/tags/energy/index.html from ./site/tags.njk.
Writing dist/tags/4d-being/index.html from ./site/tags.njk.
Writing dist/tags/zohar/index.html from ./site/tags.njk.
Writing dist/tags/midpoint/index.html from ./site/tags.njk.
Writing dist/tags/systems/index.html from ./site/tags.njk.
Writing dist/tags/story/index.html from ./site/tags.njk.
Writing dist/tags/mekubalim/index.html from ./site/tags.njk.
Writing dist/tags/dream/index.html from ./site/tags.njk.
Writing dist/tags/chariot/index.html from ./site/tags.njk.
Writing dist/tags/tol/index.html from ./site/tags.njk.
Writing dist/tags/tae/index.html from ./site/tags.njk.
Writing dist/tags/cov-19/index.html from ./site/tags.njk.
Writing dist/tags/parasha/index.html from ./site/tags.njk.
Writing dist/tags/math/index.html from ./site/tags.njk.
Writing dist/tags/final/index.html from ./site/tags.njk.
Writing dist/tags/old/index.html from ./site/tags.njk.
Writing dist/tags/dimensions/index.html from ./site/tags.njk.
Writing dist/tags/game/index.html from ./site/tags.njk.
Writing dist/tags/science/index.html from ./site/tags.njk.
Writing dist/tags/simultaneity/index.html from ./site/tags.njk.
Writing dist/tags/postsascending/index.html from ./site/tags.njk.
Copied 93 files / Wrote 189 files in 6.37 seconds (33.7ms each, v0.12.1)
Watching…
[Browsersync] Reloading Browsers...
File changed: .eleventy.js
Unhandled rejection in promise ([object Promise]): (more in DEBUG output)
> Error in your Eleventy config file '/home/user/eleventy/11t-base-blog/.eleventy.js'. You may need to run `npm install`.

`EleventyConfigError` was thrown
> Cannot find module '@code-blocks/math'
Require stack:
- /home/user/eleventy/11t-base-blog/.eleventy.js
- /home/user/eleventy/11t-base-blog/node_modules/@11ty/eleventy/src/TemplateConfig.js
- /home/user/eleventy/11t-base-blog/node_modules/@11ty/eleventy/src/Config.js
- /home/user/eleventy/11t-base-blog/node_modules/@11ty/eleventy/src/TemplateEngineManager.js
- /home/user/eleventy/11t-base-blog/node_modules/@11ty/eleventy/src/EleventyExtensionMap.js
- /home/user/eleventy/11t-base-blog/node_modules/@11ty/eleventy/src/TemplateRender.js
- /home/user/eleventy/11t-base-blog/node_modules/@11ty/eleventy/src/TemplateData.js
- /home/user/eleventy/11t-base-blog/node_modules/@11ty/eleventy/src/Eleventy.js
- /home/user/eleventy/11t-base-blog/node_modules/@11ty/eleventy/cmd.js

`Error` was thrown:
    Error: Cannot find module '@code-blocks/math'
    Require stack:
    - /home/user/eleventy/11t-base-blog/.eleventy.js
    - /home/user/eleventy/11t-base-blog/node_modules/@11ty/eleventy/src/TemplateConfig.js
    - /home/user/eleventy/11t-base-blog/node_modules/@11ty/eleventy/src/Config.js
    - /home/user/eleventy/11t-base-blog/node_modules/@11ty/eleventy/src/TemplateEngineManager.js
    - /home/user/eleventy/11t-base-blog/node_modules/@11ty/eleventy/src/EleventyExtensionMap.js
    - /home/user/eleventy/11t-base-blog/node_modules/@11ty/eleventy/src/TemplateRender.js
    - /home/user/eleventy/11t-base-blog/node_modules/@11ty/eleventy/src/TemplateData.js
    - /home/user/eleventy/11t-base-blog/node_modules/@11ty/eleventy/src/Eleventy.js
    - /home/user/eleventy/11t-base-blog/node_modules/@11ty/eleventy/cmd.js
        at Function.Module._resolveFilename (internal/modules/cjs/loader.js:902:15)
        at Function.Module._load (internal/modules/cjs/loader.js:746:27)
        at Module.require (internal/modules/cjs/loader.js:974:19)
        at require (internal/modules/cjs/helpers.js:92:18)
        at Object.<anonymous> (/home/user/eleventy/11t-base-blog/.eleventy.js:17:14)
        at Module._compile (internal/modules/cjs/loader.js:1085:14)
        at Object.Module._extensions..js (internal/modules/cjs/loader.js:1114:10)
        at Module.load (internal/modules/cjs/loader.js:950:32)
        at Function.Module._load (internal/modules/cjs/loader.js:790:14)
        at Module.require (internal/modules/cjs/loader.js:974:19)
